mode: set
github.com/kmx0/devops/internal/crypto/hash.go:13.57,15.15 1 1
github.com/kmx0/devops/internal/crypto/hash.go:18.2,18.23 1 1
github.com/kmx0/devops/internal/crypto/hash.go:38.2,38.12 1 1
github.com/kmx0/devops/internal/crypto/hash.go:15.15,17.3 1 1
github.com/kmx0/devops/internal/crypto/hash.go:19.17,20.27 1 1
github.com/kmx0/devops/internal/crypto/hash.go:24.3,25.27 2 1
github.com/kmx0/devops/internal/crypto/hash.go:29.15,30.27 1 1
github.com/kmx0/devops/internal/crypto/hash.go:33.3,34.27 2 1
github.com/kmx0/devops/internal/crypto/hash.go:20.27,22.4 1 1
github.com/kmx0/devops/internal/crypto/hash.go:25.27,27.4 1 1
github.com/kmx0/devops/internal/crypto/hash.go:30.27,32.4 1 1
github.com/kmx0/devops/internal/crypto/hash.go:34.27,36.4 1 1
github.com/kmx0/devops/internal/crypto/hash.go:43.42,49.2 5 1
github.com/kmx0/devops/cmd/agent/main.go:26.13,42.12 12 0
github.com/kmx0/devops/cmd/agent/main.go:67.2,68.12 2 0
github.com/kmx0/devops/cmd/agent/main.go:77.2,78.12 2 0
github.com/kmx0/devops/cmd/agent/main.go:87.2,94.19 7 0
github.com/kmx0/devops/cmd/agent/main.go:42.12,43.7 1 0
github.com/kmx0/devops/cmd/agent/main.go:43.7,46.13 3 0
github.com/kmx0/devops/cmd/agent/main.go:47.24,49.18 2 0
github.com/kmx0/devops/cmd/agent/main.go:51.25,53.18 2 0
github.com/kmx0/devops/cmd/agent/main.go:56.25,58.18 2 0
github.com/kmx0/devops/cmd/agent/main.go:60.12,62.18 2 0
github.com/kmx0/devops/cmd/agent/main.go:68.12,69.7 1 0
github.com/kmx0/devops/cmd/agent/main.go:69.7,74.4 4 0
github.com/kmx0/devops/cmd/agent/main.go:78.12,79.7 1 0
github.com/kmx0/devops/cmd/agent/main.go:79.7,84.4 4 0
github.com/kmx0/devops/cmd/agent/main.go:99.41,105.43 5 0
github.com/kmx0/devops/cmd/agent/main.go:105.43,106.20 1 0
github.com/kmx0/devops/cmd/agent/main.go:110.3,111.17 2 0
github.com/kmx0/devops/cmd/agent/main.go:115.3,118.17 4 0
github.com/kmx0/devops/cmd/agent/main.go:123.3,125.17 3 0
github.com/kmx0/devops/cmd/agent/main.go:131.3,135.17 4 0
github.com/kmx0/devops/cmd/agent/main.go:106.20,108.4 1 0
github.com/kmx0/devops/cmd/agent/main.go:111.17,113.12 2 0
github.com/kmx0/devops/cmd/agent/main.go:118.17,121.4 2 0
github.com/kmx0/devops/cmd/agent/main.go:125.17,128.12 3 0
github.com/kmx0/devops/cmd/agent/main.go:135.17,139.12 3 0
github.com/kmx0/devops/cmd/agent/main.go:145.51,147.24 1 0
github.com/kmx0/devops/cmd/agent/main.go:148.17,149.95 1 0
github.com/kmx0/devops/cmd/agent/main.go:150.15,151.93 1 0
github.com/kmx0/devops/cmd/server/storage/db.go:20.58,27.16 3 0
github.com/kmx0/devops/cmd/server/storage/db.go:32.2,33.16 2 0
github.com/kmx0/devops/cmd/server/storage/db.go:38.2,38.24 1 0
github.com/kmx0/devops/cmd/server/storage/db.go:41.2,41.13 1 0
github.com/kmx0/devops/cmd/server/storage/db.go:27.16,30.3 2 0
github.com/kmx0/devops/cmd/server/storage/db.go:33.16,36.3 2 0
github.com/kmx0/devops/cmd/server/storage/db.go:38.24,40.3 1 0
github.com/kmx0/devops/cmd/server/storage/db.go:44.26,45.17 1 0
github.com/kmx0/devops/cmd/server/storage/db.go:49.2,51.16 3 0
github.com/kmx0/devops/cmd/server/storage/db.go:55.2,56.18 2 0
github.com/kmx0/devops/cmd/server/storage/db.go:63.2,64.16 2 0
github.com/kmx0/devops/cmd/server/storage/db.go:67.2,67.14 1 0
github.com/kmx0/devops/cmd/server/storage/db.go:45.17,48.3 2 0
github.com/kmx0/devops/cmd/server/storage/db.go:51.16,53.3 1 0
github.com/kmx0/devops/cmd/server/storage/db.go:56.18,59.20 3 0
github.com/kmx0/devops/cmd/server/storage/db.go:59.20,61.4 1 0
github.com/kmx0/devops/cmd/server/storage/db.go:64.16,66.3 1 0
github.com/kmx0/devops/cmd/server/storage/db.go:70.29,71.17 1 0
github.com/kmx0/devops/cmd/server/storage/db.go:75.2,77.16 3 0
github.com/kmx0/devops/cmd/server/storage/db.go:81.2,82.18 2 0
github.com/kmx0/devops/cmd/server/storage/db.go:90.2,91.16 2 0
github.com/kmx0/devops/cmd/server/storage/db.go:94.2,94.14 1 0
github.com/kmx0/devops/cmd/server/storage/db.go:71.17,74.3 2 0
github.com/kmx0/devops/cmd/server/storage/db.go:77.16,79.3 1 0
github.com/kmx0/devops/cmd/server/storage/db.go:82.18,86.23 3 0
github.com/kmx0/devops/cmd/server/storage/db.go:86.23,88.4 1 0
github.com/kmx0/devops/cmd/server/storage/db.go:91.16,93.3 1 0
github.com/kmx0/devops/cmd/server/storage/db.go:97.21,98.17 1 0
github.com/kmx0/devops/cmd/server/storage/db.go:102.2,109.16 3 0
github.com/kmx0/devops/cmd/server/storage/db.go:113.2,114.18 2 0
github.com/kmx0/devops/cmd/server/storage/db.go:120.2,121.16 2 0
github.com/kmx0/devops/cmd/server/storage/db.go:98.17,101.3 2 0
github.com/kmx0/devops/cmd/server/storage/db.go:109.16,111.3 1 0
github.com/kmx0/devops/cmd/server/storage/db.go:114.18,119.3 2 0
github.com/kmx0/devops/cmd/server/storage/db.go:121.16,123.3 1 0
github.com/kmx0/devops/cmd/server/storage/db.go:128.33,129.17 1 0
github.com/kmx0/devops/cmd/server/storage/db.go:133.2,137.34 3 0
github.com/kmx0/devops/cmd/server/storage/db.go:149.2,149.32 1 0
github.com/kmx0/devops/cmd/server/storage/db.go:129.17,132.3 2 0
github.com/kmx0/devops/cmd/server/storage/db.go:137.34,140.17 3 0
github.com/kmx0/devops/cmd/server/storage/db.go:140.17,143.18 3 0
github.com/kmx0/devops/cmd/server/storage/db.go:143.18,145.5 1 0
github.com/kmx0/devops/cmd/server/storage/db.go:149.32,152.17 3 0
github.com/kmx0/devops/cmd/server/storage/db.go:152.17,155.18 3 0
github.com/kmx0/devops/cmd/server/storage/db.go:155.18,157.5 1 0
github.com/kmx0/devops/cmd/server/storage/db.go:164.38,165.17 1 0
github.com/kmx0/devops/cmd/server/storage/db.go:169.2,174.16 6 0
github.com/kmx0/devops/cmd/server/storage/db.go:178.2,179.19 2 0
github.com/kmx0/devops/cmd/server/storage/db.go:186.2,187.16 2 0
github.com/kmx0/devops/cmd/server/storage/db.go:190.2,192.16 3 0
github.com/kmx0/devops/cmd/server/storage/db.go:195.2,196.19 2 0
github.com/kmx0/devops/cmd/server/storage/db.go:202.2,203.16 2 0
github.com/kmx0/devops/cmd/server/storage/db.go:165.17,168.3 2 0
github.com/kmx0/devops/cmd/server/storage/db.go:174.16,177.3 2 0
github.com/kmx0/devops/cmd/server/storage/db.go:179.19,184.3 4 0
github.com/kmx0/devops/cmd/server/storage/db.go:187.16,189.3 1 0
github.com/kmx0/devops/cmd/server/storage/db.go:192.16,194.3 1 0
github.com/kmx0/devops/cmd/server/storage/db.go:196.19,201.3 4 0
github.com/kmx0/devops/cmd/server/storage/db.go:203.16,205.3 1 0
github.com/kmx0/devops/cmd/server/storage/storage.go:28.99,30.2 1 1
github.com/kmx0/devops/cmd/server/storage/storage.go:31.85,32.43 1 1
github.com/kmx0/devops/cmd/server/storage/storage.go:36.2,36.33 1 1
github.com/kmx0/devops/cmd/server/storage/storage.go:32.43,35.3 2 1
github.com/kmx0/devops/cmd/server/storage/storage.go:38.68,39.41 1 1
github.com/kmx0/devops/cmd/server/storage/storage.go:42.2,44.17 2 1
github.com/kmx0/devops/cmd/server/storage/storage.go:39.41,41.3 1 1
github.com/kmx0/devops/cmd/server/storage/storage.go:46.89,47.45 1 1
github.com/kmx0/devops/cmd/server/storage/storage.go:51.2,51.35 1 1
github.com/kmx0/devops/cmd/server/storage/storage.go:47.45,49.3 1 1
github.com/kmx0/devops/cmd/server/storage/storage.go:53.68,54.43 1 1
github.com/kmx0/devops/cmd/server/storage/storage.go:57.2,59.19 2 1
github.com/kmx0/devops/cmd/server/storage/storage.go:54.43,56.3 1 1
github.com/kmx0/devops/cmd/server/storage/storage.go:64.77,67.19 2 1
github.com/kmx0/devops/cmd/server/storage/storage.go:73.2,73.23 1 1
github.com/kmx0/devops/cmd/server/storage/storage.go:87.2,87.12 1 1
github.com/kmx0/devops/cmd/server/storage/storage.go:67.19,69.17 2 1
github.com/kmx0/devops/cmd/server/storage/storage.go:69.17,71.4 1 1
github.com/kmx0/devops/cmd/server/storage/storage.go:74.17,75.27 1 1
github.com/kmx0/devops/cmd/server/storage/storage.go:78.3,79.38 2 1
github.com/kmx0/devops/cmd/server/storage/storage.go:81.15,82.27 1 1
github.com/kmx0/devops/cmd/server/storage/storage.go:85.3,85.58 1 1
github.com/kmx0/devops/cmd/server/storage/storage.go:75.27,77.4 1 1
github.com/kmx0/devops/cmd/server/storage/storage.go:82.27,84.4 1 1
github.com/kmx0/devops/cmd/server/storage/storage.go:92.82,95.20 2 1
github.com/kmx0/devops/cmd/server/storage/storage.go:117.2,117.12 1 1
github.com/kmx0/devops/cmd/server/storage/storage.go:96.17,97.43 1 1
github.com/kmx0/devops/cmd/server/storage/storage.go:100.3,101.17 2 1
github.com/kmx0/devops/cmd/server/storage/storage.go:104.3,104.53 1 1
github.com/kmx0/devops/cmd/server/storage/storage.go:105.15,106.43 1 1
github.com/kmx0/devops/cmd/server/storage/storage.go:111.3,112.17 2 1
github.com/kmx0/devops/cmd/server/storage/storage.go:115.3,115.50 1 1
github.com/kmx0/devops/cmd/server/storage/storage.go:97.43,99.4 1 1
github.com/kmx0/devops/cmd/server/storage/storage.go:101.17,103.4 1 1
github.com/kmx0/devops/cmd/server/storage/storage.go:106.43,109.4 1 1
github.com/kmx0/devops/cmd/server/storage/storage.go:112.17,114.4 1 1
github.com/kmx0/devops/cmd/server/storage/storage.go:121.51,122.21 1 0
github.com/kmx0/devops/cmd/server/storage/storage.go:135.2,135.21 1 0
github.com/kmx0/devops/cmd/server/storage/storage.go:122.21,124.17 2 0
github.com/kmx0/devops/cmd/server/storage/storage.go:128.3,133.39 4 0
github.com/kmx0/devops/cmd/server/storage/storage.go:124.17,127.4 2 0
github.com/kmx0/devops/cmd/server/storage/storage.go:135.21,142.3 5 0
github.com/kmx0/devops/cmd/server/storage/storage.go:147.56,148.21 1 0
github.com/kmx0/devops/cmd/server/storage/storage.go:164.2,164.21 1 0
github.com/kmx0/devops/cmd/server/storage/storage.go:148.21,150.17 2 0
github.com/kmx0/devops/cmd/server/storage/storage.go:154.3,158.17 4 0
github.com/kmx0/devops/cmd/server/storage/storage.go:162.3,162.28 1 0
github.com/kmx0/devops/cmd/server/storage/storage.go:150.17,153.4 2 0
github.com/kmx0/devops/cmd/server/storage/storage.go:158.17,161.4 2 0
github.com/kmx0/devops/cmd/server/storage/storage.go:164.21,172.3 5 0
github.com/kmx0/devops/cmd/server/storage/storage.go:177.47,185.2 2 1
github.com/kmx0/devops/cmd/server/storage/storage.go:188.44,194.34 5 1
github.com/kmx0/devops/cmd/server/storage/storage.go:205.2,205.32 1 1
github.com/kmx0/devops/cmd/server/storage/storage.go:215.2,217.43 3 1
github.com/kmx0/devops/cmd/server/storage/storage.go:194.34,204.3 3 1
github.com/kmx0/devops/cmd/server/storage/storage.go:205.32,214.3 3 1
github.com/kmx0/devops/cmd/server/storage/storage.go:221.44,224.40 3 1
github.com/kmx0/devops/cmd/server/storage/storage.go:224.40,225.18 1 1
github.com/kmx0/devops/cmd/server/storage/storage.go:226.18,227.49 1 1
github.com/kmx0/devops/cmd/server/storage/storage.go:228.16,229.45 1 1
github.com/kmx0/devops/cmd/server/handlers/compress.go:20.53,23.2 1 1
github.com/kmx0/devops/cmd/server/handlers/compress.go:27.33,28.30 1 1
github.com/kmx0/devops/cmd/server/handlers/compress.go:28.30,31.64 1 1
github.com/kmx0/devops/cmd/server/handlers/compress.go:36.3,37.17 2 1
github.com/kmx0/devops/cmd/server/handlers/compress.go:41.3,45.11 4 1
github.com/kmx0/devops/cmd/server/handlers/compress.go:31.64,34.4 2 1
github.com/kmx0/devops/cmd/server/handlers/compress.go:37.17,40.4 2 0
github.com/kmx0/devops/cmd/server/handlers/compress.go:51.35,52.30 1 1
github.com/kmx0/devops/cmd/server/handlers/compress.go:52.30,54.64 2 1
github.com/kmx0/devops/cmd/server/handlers/compress.go:66.3,68.17 2 0
github.com/kmx0/devops/cmd/server/handlers/compress.go:72.3,77.11 5 0
github.com/kmx0/devops/cmd/server/handlers/compress.go:54.64,56.18 2 0
github.com/kmx0/devops/cmd/server/handlers/compress.go:60.4,61.20 2 0
github.com/kmx0/devops/cmd/server/handlers/compress.go:56.18,59.5 2 0
github.com/kmx0/devops/cmd/server/handlers/compress.go:62.9,65.4 2 1
github.com/kmx0/devops/cmd/server/handlers/compress.go:68.17,71.4 2 0
github.com/kmx0/devops/cmd/server/handlers/handlers.go:22.47,24.2 1 1
github.com/kmx0/devops/cmd/server/handlers/handlers.go:26.69,50.2 16 1
github.com/kmx0/devops/cmd/server/handlers/handlers.go:53.38,58.2 3 1
github.com/kmx0/devops/cmd/server/handlers/handlers.go:62.33,65.8 2 0
github.com/kmx0/devops/cmd/server/handlers/handlers.go:70.2,70.9 1 0
github.com/kmx0/devops/cmd/server/handlers/handlers.go:65.8,69.3 3 0
github.com/kmx0/devops/cmd/server/handlers/handlers.go:70.9,73.3 2 0
github.com/kmx0/devops/cmd/server/handlers/handlers.go:77.34,81.15 4 1
github.com/kmx0/devops/cmd/server/handlers/handlers.go:82.17,84.17 2 1
github.com/kmx0/devops/cmd/server/handlers/handlers.go:88.3,89.9 2 1
github.com/kmx0/devops/cmd/server/handlers/handlers.go:90.15,93.17 3 1
github.com/kmx0/devops/cmd/server/handlers/handlers.go:97.3,98.9 2 1
github.com/kmx0/devops/cmd/server/handlers/handlers.go:99.10,102.9 2 1
github.com/kmx0/devops/cmd/server/handlers/handlers.go:84.17,87.4 2 1
github.com/kmx0/devops/cmd/server/handlers/handlers.go:93.17,96.4 2 1
github.com/kmx0/devops/cmd/server/handlers/handlers.go:109.38,119.16 7 1
github.com/kmx0/devops/cmd/server/handlers/handlers.go:122.2,123.23 2 1
github.com/kmx0/devops/cmd/server/handlers/handlers.go:119.16,121.3 1 0
github.com/kmx0/devops/cmd/server/handlers/handlers.go:124.17,126.17 2 1
github.com/kmx0/devops/cmd/server/handlers/handlers.go:130.3,131.20 2 1
github.com/kmx0/devops/cmd/server/handlers/handlers.go:134.3,135.9 2 1
github.com/kmx0/devops/cmd/server/handlers/handlers.go:136.15,139.17 3 1
github.com/kmx0/devops/cmd/server/handlers/handlers.go:143.3,144.20 2 1
github.com/kmx0/devops/cmd/server/handlers/handlers.go:150.3,152.9 3 1
github.com/kmx0/devops/cmd/server/handlers/handlers.go:153.10,156.9 2 1
github.com/kmx0/devops/cmd/server/handlers/handlers.go:126.17,129.4 2 1
github.com/kmx0/devops/cmd/server/handlers/handlers.go:131.20,133.4 1 1
github.com/kmx0/devops/cmd/server/handlers/handlers.go:139.17,142.4 2 1
github.com/kmx0/devops/cmd/server/handlers/handlers.go:144.20,149.4 3 1
github.com/kmx0/devops/cmd/server/handlers/handlers.go:161.38,163.2 1 1
github.com/kmx0/devops/cmd/server/handlers/handlers.go:167.35,173.44 6 1
github.com/kmx0/devops/cmd/server/handlers/handlers.go:173.44,175.17 2 1
github.com/kmx0/devops/cmd/server/handlers/handlers.go:185.3,185.48 1 1
github.com/kmx0/devops/cmd/server/handlers/handlers.go:175.17,177.11 2 1
github.com/kmx0/devops/cmd/server/handlers/handlers.go:178.132,179.36 1 1
github.com/kmx0/devops/cmd/server/handlers/handlers.go:180.12,181.45 1 0
github.com/kmx0/devops/cmd/server/handlers/handlers.go:185.48,188.4 1 1
github.com/kmx0/devops/cmd/server/handlers/handlers.go:189.8,191.3 1 0
github.com/kmx0/devops/cmd/server/handlers/handlers.go:198.39,204.16 6 1
github.com/kmx0/devops/cmd/server/handlers/handlers.go:208.2,209.60 2 1
github.com/kmx0/devops/cmd/server/handlers/handlers.go:204.16,207.3 2 0
github.com/kmx0/devops/cmd/server/handlers/handlers.go:209.60,212.17 2 0
github.com/kmx0/devops/cmd/server/handlers/handlers.go:212.17,215.11 2 0
github.com/kmx0/devops/cmd/server/handlers/handlers.go:216.138,217.36 1 0
github.com/kmx0/devops/cmd/server/handlers/handlers.go:218.63,219.36 1 0
github.com/kmx0/devops/cmd/server/handlers/handlers.go:220.12,221.45 1 0
github.com/kmx0/devops/cmd/server/handlers/handlers.go:223.9,225.49 1 0
github.com/kmx0/devops/cmd/server/handlers/handlers.go:225.49,227.5 1 0
github.com/kmx0/devops/cmd/server/handlers/handlers.go:230.8,232.3 1 1
github.com/kmx0/devops/cmd/server/handlers/handlers.go:237.44,243.16 6 0
github.com/kmx0/devops/cmd/server/handlers/handlers.go:247.2,247.28 1 0
github.com/kmx0/devops/cmd/server/handlers/handlers.go:243.16,246.3 2 0
github.com/kmx0/devops/cmd/server/handlers/handlers.go:247.28,249.49 2 0
github.com/kmx0/devops/cmd/server/handlers/handlers.go:249.49,251.18 2 0
github.com/kmx0/devops/cmd/server/handlers/handlers.go:261.4,261.49 1 0
github.com/kmx0/devops/cmd/server/handlers/handlers.go:251.18,253.12 2 0
github.com/kmx0/devops/cmd/server/handlers/handlers.go:254.196,255.37 1 0
github.com/kmx0/devops/cmd/server/handlers/handlers.go:256.13,257.46 1 0
github.com/kmx0/devops/cmd/server/handlers/handlers.go:261.49,263.5 1 0
github.com/kmx0/devops/cmd/server/handlers/handlers.go:264.9,267.4 1 0
