mode: set
github.com/kmx0/devops/internal/crypto/hash.go:13.57,14.15 1 1
github.com/kmx0/devops/internal/crypto/hash.go:17.2,17.23 1 1
github.com/kmx0/devops/internal/crypto/hash.go:35.2,35.12 1 1
github.com/kmx0/devops/internal/crypto/hash.go:14.15,16.3 1 1
github.com/kmx0/devops/internal/crypto/hash.go:18.17,19.27 1 1
github.com/kmx0/devops/internal/crypto/hash.go:22.3,23.27 2 1
github.com/kmx0/devops/internal/crypto/hash.go:26.15,27.27 1 1
github.com/kmx0/devops/internal/crypto/hash.go:30.3,31.27 2 1
github.com/kmx0/devops/internal/crypto/hash.go:19.27,21.4 1 1
github.com/kmx0/devops/internal/crypto/hash.go:23.27,25.4 1 1
github.com/kmx0/devops/internal/crypto/hash.go:27.27,29.4 1 1
github.com/kmx0/devops/internal/crypto/hash.go:31.27,33.4 1 1
github.com/kmx0/devops/internal/crypto/hash.go:39.42,45.2 5 1
github.com/kmx0/devops/cmd/agent/main.go:26.13,42.12 12 0
github.com/kmx0/devops/cmd/agent/main.go:66.2,67.12 2 0
github.com/kmx0/devops/cmd/agent/main.go:76.2,77.12 2 0
github.com/kmx0/devops/cmd/agent/main.go:86.2,93.19 7 0
github.com/kmx0/devops/cmd/agent/main.go:42.12,43.7 1 0
github.com/kmx0/devops/cmd/agent/main.go:43.7,45.26 2 0
github.com/kmx0/devops/cmd/agent/main.go:46.24,48.18 2 0
github.com/kmx0/devops/cmd/agent/main.go:50.25,52.18 2 0
github.com/kmx0/devops/cmd/agent/main.go:55.25,57.18 2 0
github.com/kmx0/devops/cmd/agent/main.go:59.12,61.18 2 0
github.com/kmx0/devops/cmd/agent/main.go:67.12,68.7 1 0
github.com/kmx0/devops/cmd/agent/main.go:68.7,73.4 4 0
github.com/kmx0/devops/cmd/agent/main.go:77.12,78.7 1 0
github.com/kmx0/devops/cmd/agent/main.go:78.7,83.4 4 0
github.com/kmx0/devops/cmd/agent/main.go:98.47,104.43 5 1
github.com/kmx0/devops/cmd/agent/main.go:139.2,139.12 1 1
github.com/kmx0/devops/cmd/agent/main.go:104.43,105.20 1 0
github.com/kmx0/devops/cmd/agent/main.go:108.3,109.17 2 0
github.com/kmx0/devops/cmd/agent/main.go:113.3,116.17 4 0
github.com/kmx0/devops/cmd/agent/main.go:121.3,123.17 3 0
github.com/kmx0/devops/cmd/agent/main.go:129.3,133.17 4 0
github.com/kmx0/devops/cmd/agent/main.go:105.20,107.4 1 0
github.com/kmx0/devops/cmd/agent/main.go:109.17,111.12 2 0
github.com/kmx0/devops/cmd/agent/main.go:116.17,119.4 2 0
github.com/kmx0/devops/cmd/agent/main.go:123.17,126.12 3 0
github.com/kmx0/devops/cmd/agent/main.go:133.17,136.12 3 0
github.com/kmx0/devops/cmd/agent/main.go:143.57,145.24 1 1
github.com/kmx0/devops/cmd/agent/main.go:153.2,153.42 1 1
github.com/kmx0/devops/cmd/agent/main.go:146.17,148.13 2 1
github.com/kmx0/devops/cmd/agent/main.go:149.15,151.13 2 1
github.com/kmx0/devops/internal/storage/db.go:20.58,25.16 3 1
github.com/kmx0/devops/internal/storage/db.go:29.2,30.16 2 1
github.com/kmx0/devops/internal/storage/db.go:34.2,34.24 1 1
github.com/kmx0/devops/internal/storage/db.go:37.2,37.13 1 1
github.com/kmx0/devops/internal/storage/db.go:25.16,28.3 2 1
github.com/kmx0/devops/internal/storage/db.go:30.16,33.3 2 0
github.com/kmx0/devops/internal/storage/db.go:34.24,36.3 1 0
github.com/kmx0/devops/internal/storage/db.go:40.29,41.17 1 1
github.com/kmx0/devops/internal/storage/db.go:45.2,47.16 3 1
github.com/kmx0/devops/internal/storage/db.go:50.2,51.18 2 1
github.com/kmx0/devops/internal/storage/db.go:61.2,62.16 2 0
github.com/kmx0/devops/internal/storage/db.go:65.2,65.14 1 0
github.com/kmx0/devops/internal/storage/db.go:41.17,44.3 2 1
github.com/kmx0/devops/internal/storage/db.go:47.16,49.3 1 0
github.com/kmx0/devops/internal/storage/db.go:51.18,54.17 3 1
github.com/kmx0/devops/internal/storage/db.go:54.17,56.4 1 0
github.com/kmx0/devops/internal/storage/db.go:56.9,56.30 1 1
github.com/kmx0/devops/internal/storage/db.go:56.30,59.4 1 1
github.com/kmx0/devops/internal/storage/db.go:62.16,64.3 1 0
github.com/kmx0/devops/internal/storage/db.go:68.26,69.17 1 1
github.com/kmx0/devops/internal/storage/db.go:73.2,80.16 3 0
github.com/kmx0/devops/internal/storage/db.go:83.2,83.13 1 0
github.com/kmx0/devops/internal/storage/db.go:69.17,72.3 2 1
github.com/kmx0/devops/internal/storage/db.go:80.16,82.3 1 0
github.com/kmx0/devops/internal/storage/db.go:88.39,89.17 1 1
github.com/kmx0/devops/internal/storage/db.go:93.2,97.34 3 0
github.com/kmx0/devops/internal/storage/db.go:109.2,109.32 1 0
github.com/kmx0/devops/internal/storage/db.go:120.2,120.12 1 0
github.com/kmx0/devops/internal/storage/db.go:89.17,92.3 2 1
github.com/kmx0/devops/internal/storage/db.go:97.34,100.17 3 0
github.com/kmx0/devops/internal/storage/db.go:100.17,103.18 3 0
github.com/kmx0/devops/internal/storage/db.go:103.18,105.5 1 0
github.com/kmx0/devops/internal/storage/db.go:109.32,112.17 3 0
github.com/kmx0/devops/internal/storage/db.go:112.17,115.18 3 0
github.com/kmx0/devops/internal/storage/db.go:115.18,117.5 1 0
github.com/kmx0/devops/internal/storage/db.go:125.44,126.17 1 1
github.com/kmx0/devops/internal/storage/db.go:130.2,135.16 6 1
github.com/kmx0/devops/internal/storage/db.go:139.2,140.19 2 1
github.com/kmx0/devops/internal/storage/db.go:152.2,153.16 2 1
github.com/kmx0/devops/internal/storage/db.go:156.2,158.16 3 1
github.com/kmx0/devops/internal/storage/db.go:161.2,162.19 2 1
github.com/kmx0/devops/internal/storage/db.go:172.2,173.16 2 1
github.com/kmx0/devops/internal/storage/db.go:177.2,177.12 1 1
github.com/kmx0/devops/internal/storage/db.go:126.17,129.3 2 1
github.com/kmx0/devops/internal/storage/db.go:135.16,138.3 2 0
github.com/kmx0/devops/internal/storage/db.go:140.19,144.17 4 1
github.com/kmx0/devops/internal/storage/db.go:144.17,146.4 1 1
github.com/kmx0/devops/internal/storage/db.go:146.9,149.4 2 0
github.com/kmx0/devops/internal/storage/db.go:153.16,155.3 1 0
github.com/kmx0/devops/internal/storage/db.go:158.16,160.3 1 0
github.com/kmx0/devops/internal/storage/db.go:162.19,166.17 4 1
github.com/kmx0/devops/internal/storage/db.go:166.17,168.4 1 1
github.com/kmx0/devops/internal/storage/db.go:168.9,170.4 1 0
github.com/kmx0/devops/internal/storage/db.go:173.16,176.3 2 0
github.com/kmx0/devops/internal/storage/storage.go:28.99,30.2 1 1
github.com/kmx0/devops/internal/storage/storage.go:31.85,32.43 1 1
github.com/kmx0/devops/internal/storage/storage.go:36.2,36.33 1 1
github.com/kmx0/devops/internal/storage/storage.go:32.43,35.3 2 1
github.com/kmx0/devops/internal/storage/storage.go:38.68,39.41 1 1
github.com/kmx0/devops/internal/storage/storage.go:42.2,43.17 2 1
github.com/kmx0/devops/internal/storage/storage.go:39.41,41.3 1 1
github.com/kmx0/devops/internal/storage/storage.go:46.89,47.45 1 1
github.com/kmx0/devops/internal/storage/storage.go:51.2,51.35 1 1
github.com/kmx0/devops/internal/storage/storage.go:47.45,49.3 1 1
github.com/kmx0/devops/internal/storage/storage.go:53.68,54.43 1 1
github.com/kmx0/devops/internal/storage/storage.go:57.2,59.19 2 1
github.com/kmx0/devops/internal/storage/storage.go:54.43,56.3 1 1
github.com/kmx0/devops/internal/storage/storage.go:64.77,67.19 2 1
github.com/kmx0/devops/internal/storage/storage.go:73.2,73.23 1 1
github.com/kmx0/devops/internal/storage/storage.go:87.2,87.12 1 1
github.com/kmx0/devops/internal/storage/storage.go:67.19,69.17 2 1
github.com/kmx0/devops/internal/storage/storage.go:69.17,71.4 1 1
github.com/kmx0/devops/internal/storage/storage.go:74.17,75.27 1 1
github.com/kmx0/devops/internal/storage/storage.go:78.3,79.38 2 1
github.com/kmx0/devops/internal/storage/storage.go:81.15,82.27 1 1
github.com/kmx0/devops/internal/storage/storage.go:85.3,85.58 1 1
github.com/kmx0/devops/internal/storage/storage.go:75.27,77.4 1 1
github.com/kmx0/devops/internal/storage/storage.go:82.27,84.4 1 1
github.com/kmx0/devops/internal/storage/storage.go:92.82,95.20 2 1
github.com/kmx0/devops/internal/storage/storage.go:117.2,117.12 1 1
github.com/kmx0/devops/internal/storage/storage.go:96.17,97.43 1 1
github.com/kmx0/devops/internal/storage/storage.go:100.3,101.17 2 1
github.com/kmx0/devops/internal/storage/storage.go:104.3,104.53 1 1
github.com/kmx0/devops/internal/storage/storage.go:105.15,106.43 1 1
github.com/kmx0/devops/internal/storage/storage.go:111.3,112.17 2 1
github.com/kmx0/devops/internal/storage/storage.go:115.3,115.50 1 1
github.com/kmx0/devops/internal/storage/storage.go:97.43,99.4 1 1
github.com/kmx0/devops/internal/storage/storage.go:101.17,103.4 1 1
github.com/kmx0/devops/internal/storage/storage.go:106.43,109.4 1 1
github.com/kmx0/devops/internal/storage/storage.go:112.17,114.4 1 1
github.com/kmx0/devops/internal/storage/storage.go:121.57,122.21 1 0
github.com/kmx0/devops/internal/storage/storage.go:137.2,137.21 1 0
github.com/kmx0/devops/internal/storage/storage.go:149.2,149.12 1 0
github.com/kmx0/devops/internal/storage/storage.go:122.21,124.17 2 0
github.com/kmx0/devops/internal/storage/storage.go:128.3,133.61 4 0
github.com/kmx0/devops/internal/storage/storage.go:124.17,127.4 2 0
github.com/kmx0/devops/internal/storage/storage.go:133.61,135.4 1 0
github.com/kmx0/devops/internal/storage/storage.go:137.21,143.17 5 0
github.com/kmx0/devops/internal/storage/storage.go:146.3,146.30 1 0
github.com/kmx0/devops/internal/storage/storage.go:143.17,145.4 1 0
github.com/kmx0/devops/internal/storage/storage.go:153.62,154.21 1 1
github.com/kmx0/devops/internal/storage/storage.go:173.2,173.21 1 1
github.com/kmx0/devops/internal/storage/storage.go:188.2,188.12 1 1
github.com/kmx0/devops/internal/storage/storage.go:154.21,156.17 2 0
github.com/kmx0/devops/internal/storage/storage.go:160.3,163.21 3 0
github.com/kmx0/devops/internal/storage/storage.go:166.3,167.17 2 0
github.com/kmx0/devops/internal/storage/storage.go:171.3,171.28 1 0
github.com/kmx0/devops/internal/storage/storage.go:156.17,159.4 2 0
github.com/kmx0/devops/internal/storage/storage.go:163.21,165.4 1 0
github.com/kmx0/devops/internal/storage/storage.go:167.17,170.4 2 0
github.com/kmx0/devops/internal/storage/storage.go:173.21,178.29 3 1
github.com/kmx0/devops/internal/storage/storage.go:178.29,180.18 2 1
github.com/kmx0/devops/internal/storage/storage.go:183.4,183.36 1 1
github.com/kmx0/devops/internal/storage/storage.go:180.18,182.5 1 0
github.com/kmx0/devops/internal/storage/storage.go:184.9,186.4 1 0
github.com/kmx0/devops/internal/storage/storage.go:192.47,200.2 2 1
github.com/kmx0/devops/internal/storage/storage.go:203.44,209.34 5 1
github.com/kmx0/devops/internal/storage/storage.go:221.2,221.32 1 1
github.com/kmx0/devops/internal/storage/storage.go:231.2,233.43 3 1
github.com/kmx0/devops/internal/storage/storage.go:209.34,220.3 3 1
github.com/kmx0/devops/internal/storage/storage.go:221.32,230.3 3 1
github.com/kmx0/devops/internal/storage/storage.go:237.44,240.40 3 1
github.com/kmx0/devops/internal/storage/storage.go:240.40,241.18 1 1
github.com/kmx0/devops/internal/storage/storage.go:242.18,243.49 1 1
github.com/kmx0/devops/internal/storage/storage.go:244.16,245.45 1 1
github.com/kmx0/devops/cmd/staticlint/staticlint.go:16.13,28.42 2 0
github.com/kmx0/devops/cmd/staticlint/staticlint.go:38.2,38.42 1 0
github.com/kmx0/devops/cmd/staticlint/staticlint.go:44.2,46.3 1 0
github.com/kmx0/devops/cmd/staticlint/staticlint.go:28.42,30.38 1 0
github.com/kmx0/devops/cmd/staticlint/staticlint.go:30.38,32.4 1 0
github.com/kmx0/devops/cmd/staticlint/staticlint.go:38.42,39.25 1 0
github.com/kmx0/devops/cmd/staticlint/staticlint.go:39.25,41.9 2 0
github.com/kmx0/devops/cmd/staticlint/staticlint.go:55.54,57.34 1 1
github.com/kmx0/devops/cmd/staticlint/staticlint.go:72.2,72.17 1 1
github.com/kmx0/devops/cmd/staticlint/staticlint.go:57.34,58.43 1 1
github.com/kmx0/devops/cmd/staticlint/staticlint.go:58.43,59.38 1 1
github.com/kmx0/devops/cmd/staticlint/staticlint.go:69.4,69.15 1 1
github.com/kmx0/devops/cmd/staticlint/staticlint.go:59.38,63.28 2 1
github.com/kmx0/devops/cmd/staticlint/staticlint.go:63.28,66.6 1 1
github.com/kmx0/devops/internal/handlers/compress.go:20.53,23.2 1 1
github.com/kmx0/devops/internal/handlers/compress.go:27.33,28.30 1 1
github.com/kmx0/devops/internal/handlers/compress.go:28.30,30.64 1 1
github.com/kmx0/devops/internal/handlers/compress.go:35.3,36.17 2 1
github.com/kmx0/devops/internal/handlers/compress.go:40.3,44.11 4 1
github.com/kmx0/devops/internal/handlers/compress.go:30.64,33.4 2 1
github.com/kmx0/devops/internal/handlers/compress.go:36.17,39.4 2 0
github.com/kmx0/devops/internal/handlers/compress.go:50.35,51.30 1 1
github.com/kmx0/devops/internal/handlers/compress.go:51.30,53.64 2 1
github.com/kmx0/devops/internal/handlers/compress.go:64.3,66.17 2 0
github.com/kmx0/devops/internal/handlers/compress.go:70.3,75.11 5 0
github.com/kmx0/devops/internal/handlers/compress.go:53.64,55.18 2 0
github.com/kmx0/devops/internal/handlers/compress.go:59.4,60.20 2 0
github.com/kmx0/devops/internal/handlers/compress.go:55.18,58.5 2 0
github.com/kmx0/devops/internal/handlers/compress.go:61.9,63.4 1 1
github.com/kmx0/devops/internal/handlers/compress.go:66.17,69.4 2 0
github.com/kmx0/devops/internal/handlers/handlers.go:22.47,24.2 1 1
github.com/kmx0/devops/internal/handlers/handlers.go:26.69,50.2 16 1
github.com/kmx0/devops/internal/handlers/handlers.go:53.38,58.2 3 1
github.com/kmx0/devops/internal/handlers/handlers.go:62.33,65.8 2 1
github.com/kmx0/devops/internal/handlers/handlers.go:70.2,70.9 1 1
github.com/kmx0/devops/internal/handlers/handlers.go:65.8,69.3 3 0
github.com/kmx0/devops/internal/handlers/handlers.go:70.9,73.3 2 1
github.com/kmx0/devops/internal/handlers/handlers.go:77.34,80.15 3 1
github.com/kmx0/devops/internal/handlers/handlers.go:81.17,83.17 2 1
github.com/kmx0/devops/internal/handlers/handlers.go:87.3,88.9 2 1
github.com/kmx0/devops/internal/handlers/handlers.go:89.15,91.17 2 1
github.com/kmx0/devops/internal/handlers/handlers.go:95.3,96.9 2 1
github.com/kmx0/devops/internal/handlers/handlers.go:97.10,100.9 2 1
github.com/kmx0/devops/internal/handlers/handlers.go:83.17,86.4 2 1
github.com/kmx0/devops/internal/handlers/handlers.go:91.17,94.4 2 1
github.com/kmx0/devops/internal/handlers/handlers.go:107.38,117.16 7 1
github.com/kmx0/devops/internal/handlers/handlers.go:120.2,120.23 1 1
github.com/kmx0/devops/internal/handlers/handlers.go:117.16,119.3 1 0
github.com/kmx0/devops/internal/handlers/handlers.go:121.17,123.17 2 1
github.com/kmx0/devops/internal/handlers/handlers.go:127.3,128.20 2 1
github.com/kmx0/devops/internal/handlers/handlers.go:131.3,132.9 2 1
github.com/kmx0/devops/internal/handlers/handlers.go:133.15,135.17 2 1
github.com/kmx0/devops/internal/handlers/handlers.go:139.3,140.20 2 1
github.com/kmx0/devops/internal/handlers/handlers.go:144.3,145.9 2 1
github.com/kmx0/devops/internal/handlers/handlers.go:146.10,149.9 2 1
github.com/kmx0/devops/internal/handlers/handlers.go:123.17,126.4 2 1
github.com/kmx0/devops/internal/handlers/handlers.go:128.20,130.4 1 1
github.com/kmx0/devops/internal/handlers/handlers.go:135.17,138.4 2 1
github.com/kmx0/devops/internal/handlers/handlers.go:140.20,143.4 1 1
github.com/kmx0/devops/internal/handlers/handlers.go:154.38,156.2 1 1
github.com/kmx0/devops/internal/handlers/handlers.go:160.35,165.44 5 1
github.com/kmx0/devops/internal/handlers/handlers.go:165.44,167.17 2 1
github.com/kmx0/devops/internal/handlers/handlers.go:176.3,176.48 1 1
github.com/kmx0/devops/internal/handlers/handlers.go:167.17,168.11 1 1
github.com/kmx0/devops/internal/handlers/handlers.go:169.132,170.36 1 1
github.com/kmx0/devops/internal/handlers/handlers.go:171.12,172.45 1 0
github.com/kmx0/devops/internal/handlers/handlers.go:176.48,179.4 1 1
github.com/kmx0/devops/internal/handlers/handlers.go:180.8,182.3 1 1
github.com/kmx0/devops/internal/handlers/handlers.go:189.39,195.16 6 1
github.com/kmx0/devops/internal/handlers/handlers.go:199.2,200.60 2 1
github.com/kmx0/devops/internal/handlers/handlers.go:195.16,198.3 2 0
github.com/kmx0/devops/internal/handlers/handlers.go:200.60,203.17 2 1
github.com/kmx0/devops/internal/handlers/handlers.go:203.17,206.11 2 1
github.com/kmx0/devops/internal/handlers/handlers.go:207.138,208.36 1 1
github.com/kmx0/devops/internal/handlers/handlers.go:209.63,210.36 1 1
github.com/kmx0/devops/internal/handlers/handlers.go:211.12,212.45 1 0
github.com/kmx0/devops/internal/handlers/handlers.go:214.9,214.55 1 1
github.com/kmx0/devops/internal/handlers/handlers.go:214.55,217.4 1 1
github.com/kmx0/devops/internal/handlers/handlers.go:219.8,221.3 1 1
github.com/kmx0/devops/internal/handlers/handlers.go:226.44,232.16 6 1
github.com/kmx0/devops/internal/handlers/handlers.go:236.2,236.28 1 1
github.com/kmx0/devops/internal/handlers/handlers.go:232.16,235.3 2 0
github.com/kmx0/devops/internal/handlers/handlers.go:236.28,238.49 2 1
github.com/kmx0/devops/internal/handlers/handlers.go:238.49,240.18 2 1
github.com/kmx0/devops/internal/handlers/handlers.go:250.4,250.49 1 1
github.com/kmx0/devops/internal/handlers/handlers.go:240.18,242.12 2 1
github.com/kmx0/devops/internal/handlers/handlers.go:243.196,244.37 1 1
github.com/kmx0/devops/internal/handlers/handlers.go:245.13,246.46 1 0
github.com/kmx0/devops/internal/handlers/handlers.go:250.49,252.5 1 1
github.com/kmx0/devops/internal/handlers/handlers.go:253.9,256.4 1 1
